2025-02-07 22:22:01,314 - INFO - Iniciando processo de otimização de carteira
2025-02-07 22:22:01,576 - ERROR - Erro crítico: Erro ao carregar arquivo Excel: [Errno 2] No such file or directory: 'tickers.xlsx'
2025-02-07 22:22:56,442 - INFO - Iniciando processo de otimização de carteira
2025-02-07 22:22:56,750 - ERROR - Erro crítico: Erro ao carregar arquivo Excel: [Errno 22] Invalid argument: '"C:/Users/viniv/Downloads/listaAtivos.xlsx"'
2025-02-07 22:23:21,172 - INFO - Iniciando processo de otimização de carteira
2025-02-07 22:23:21,340 - INFO - Tickers carregados: ['EQTL3.SA', 'EMBR3.SA', 'BBSE3.SA', 'ENEV3.SA', 'ABEV3.SA', 'SBSP3.SA', 'RAIL3.SA', 'VBBR3.SA', 'ITUB4.SA', 'GGBR4.SA', 'WEGE3.SA', 'VALE3.SA', 'ELET3.SA', 'PRIO3.SA', 'BPAC11.SA', 'BBAS3.SA', 'BBDC4.SA', 'RENT3.SA', 'JBSS3.SA', 'PETR3.SA', 'CMIG4.SA', 'RDOR3.SA', 'ITSA4.SA', 'UGPA3.SA', 'SUZB3.SA', 'B3SA3.SA', 'RADL3.SA']
2025-02-07 22:23:31,161 - ERROR - $PETR3.SA: possibly delisted; no price data found  (period=1d)
2025-02-07 22:23:33,953 - WARNING - Connection pool is full, discarding connection: query2.finance.yahoo.com. Connection pool size: 10
2025-02-07 22:23:33,958 - WARNING - Connection pool is full, discarding connection: query2.finance.yahoo.com. Connection pool size: 10
2025-02-07 22:23:33,958 - WARNING - Connection pool is full, discarding connection: query2.finance.yahoo.com. Connection pool size: 10
2025-02-07 22:23:33,964 - WARNING - Connection pool is full, discarding connection: query2.finance.yahoo.com. Connection pool size: 10
2025-02-07 22:23:33,964 - WARNING - Connection pool is full, discarding connection: query2.finance.yahoo.com. Connection pool size: 10
2025-02-07 22:23:33,989 - WARNING - Connection pool is full, discarding connection: query2.finance.yahoo.com. Connection pool size: 10
2025-02-07 22:23:34,006 - WARNING - Connection pool is full, discarding connection: query2.finance.yahoo.com. Connection pool size: 10
2025-02-07 22:23:34,029 - WARNING - Connection pool is full, discarding connection: query2.finance.yahoo.com. Connection pool size: 10
2025-02-07 22:23:34,167 - WARNING - Connection pool is full, discarding connection: query2.finance.yahoo.com. Connection pool size: 10
2025-02-07 22:23:34,190 - WARNING - Connection pool is full, discarding connection: query2.finance.yahoo.com. Connection pool size: 10
2025-02-07 22:23:34,196 - WARNING - Connection pool is full, discarding connection: query2.finance.yahoo.com. Connection pool size: 10
2025-02-07 22:23:34,235 - WARNING - Connection pool is full, discarding connection: query2.finance.yahoo.com. Connection pool size: 10
2025-02-07 22:23:34,273 - ERROR - Erro crítico: Erro no download de dados: 'Adj Close'
2025-02-07 22:28:57,609 - INFO - Iniciando processo de otimização de carteira
2025-02-07 22:28:57,784 - INFO - Tickers carregados: ['ITSA4.SA', 'ELET3.SA', 'RENT3.SA', 'RADL3.SA', 'ENEV3.SA', 'UGPA3.SA', 'EMBR3.SA', 'RDOR3.SA', 'BBAS3.SA', 'EQTL3.SA', 'RAIL3.SA', 'VBBR3.SA', 'ITUB4.SA', 'CMIG4.SA', 'PETR3.SA', 'SUZB3.SA', 'BBDC4.SA', 'SBSP3.SA', 'BPAC11.SA', 'ABEV3.SA', 'PRIO3.SA', 'B3SA3.SA', 'JBSS3.SA', 'BBSE3.SA', 'GGBR4.SA', 'WEGE3.SA', 'VALE3.SA']
2025-02-07 22:29:05,880 - ERROR - $PETR3.SA: possibly delisted; no price data found  (period=1d)
2025-02-07 22:29:10,240 - WARNING - Connection pool is full, discarding connection: query2.finance.yahoo.com. Connection pool size: 10
2025-02-07 22:29:10,241 - WARNING - Connection pool is full, discarding connection: query2.finance.yahoo.com. Connection pool size: 10
2025-02-07 22:29:10,277 - WARNING - Connection pool is full, discarding connection: query2.finance.yahoo.com. Connection pool size: 10
2025-02-07 22:29:10,396 - WARNING - Connection pool is full, discarding connection: query2.finance.yahoo.com. Connection pool size: 10
2025-02-07 22:29:10,418 - WARNING - Connection pool is full, discarding connection: query2.finance.yahoo.com. Connection pool size: 10
2025-02-07 22:29:10,467 - WARNING - Connection pool is full, discarding connection: query2.finance.yahoo.com. Connection pool size: 10
2025-02-07 22:29:10,483 - WARNING - Connection pool is full, discarding connection: query2.finance.yahoo.com. Connection pool size: 10
2025-02-07 22:29:10,498 - WARNING - Connection pool is full, discarding connection: query2.finance.yahoo.com. Connection pool size: 10
2025-02-07 22:29:10,512 - WARNING - Connection pool is full, discarding connection: query2.finance.yahoo.com. Connection pool size: 10
2025-02-07 22:29:10,528 - WARNING - Connection pool is full, discarding connection: query2.finance.yahoo.com. Connection pool size: 10
2025-02-07 22:29:10,535 - WARNING - Connection pool is full, discarding connection: query2.finance.yahoo.com. Connection pool size: 10
2025-02-07 22:29:10,573 - WARNING - Connection pool is full, discarding connection: query2.finance.yahoo.com. Connection pool size: 10
2025-02-07 22:29:10,592 - ERROR - Erro crítico: Erro no download de dados: 'Adj Close'
2025-02-07 22:33:49,136 - INFO - Tickers carregados: ['BPAC11.SA', 'EQTL3.SA', 'SUZB3.SA', 'PETR3.SA', 'B3SA3.SA', 'ITSA4.SA', 'ITUB4.SA', 'PRIO3.SA', 'VALE3.SA', 'WEGE3.SA', 'RDOR3.SA', 'BBAS3.SA', 'ENEV3.SA', 'JBSS3.SA', 'VBBR3.SA', 'ABEV3.SA', 'BBDC4.SA', 'UGPA3.SA', 'SBSP3.SA', 'EMBR3.SA', 'GGBR4.SA', 'RADL3.SA', 'ELET3.SA', 'CMIG4.SA', 'BBSE3.SA', 'RENT3.SA', 'RAIL3.SA']
2025-02-07 22:33:59,726 - ERROR - $PETR3.SA: possibly delisted; no price data found  (period=1d)
2025-02-07 22:34:01,377 - WARNING - Connection pool is full, discarding connection: query2.finance.yahoo.com. Connection pool size: 10
2025-02-07 22:34:01,466 - WARNING - Connection pool is full, discarding connection: query2.finance.yahoo.com. Connection pool size: 10
2025-02-07 22:34:01,526 - WARNING - Connection pool is full, discarding connection: query2.finance.yahoo.com. Connection pool size: 10
2025-02-07 22:34:01,528 - WARNING - Connection pool is full, discarding connection: query2.finance.yahoo.com. Connection pool size: 10
2025-02-07 22:34:01,569 - WARNING - Connection pool is full, discarding connection: query2.finance.yahoo.com. Connection pool size: 10
2025-02-07 22:34:01,579 - WARNING - Connection pool is full, discarding connection: query2.finance.yahoo.com. Connection pool size: 10
2025-02-07 22:34:01,593 - WARNING - Connection pool is full, discarding connection: query2.finance.yahoo.com. Connection pool size: 10
2025-02-07 22:34:01,632 - WARNING - Connection pool is full, discarding connection: query2.finance.yahoo.com. Connection pool size: 10
2025-02-07 22:34:01,634 - WARNING - Connection pool is full, discarding connection: query2.finance.yahoo.com. Connection pool size: 10
2025-02-07 22:34:01,719 - WARNING - Connection pool is full, discarding connection: query2.finance.yahoo.com. Connection pool size: 10
2025-02-07 22:34:01,832 - WARNING - Connection pool is full, discarding connection: query2.finance.yahoo.com. Connection pool size: 10
2025-02-07 22:34:01,868 - WARNING - Connection pool is full, discarding connection: query2.finance.yahoo.com. Connection pool size: 10
2025-02-07 22:34:01,895 - WARNING - Calculando preços ajustados manualmente...
2025-02-07 22:34:01,896 - WARNING - Erro ao ajustar Open: 'Open'
2025-02-07 22:34:01,896 - WARNING - Erro ao ajustar High: 'High'
2025-02-07 22:34:01,896 - WARNING - Erro ao ajustar Low: 'Low'
2025-02-07 22:34:01,896 - WARNING - Erro ao ajustar Close: 'Close'
2025-02-07 22:34:01,896 - WARNING - Erro ao ajustar Volume: 'Volume'
2025-02-07 22:34:01,896 - WARNING - Erro ao ajustar Dividends: 'Dividends'
2025-02-07 22:34:01,896 - WARNING - Erro ao ajustar Stock Splits: 'Stock Splits'
2025-02-07 22:34:01,897 - INFO - Dados baixados com sucesso. Formato: (0, 0)
2025-02-07 22:34:01,897 - ERROR - Erro crítico: Dados históricos não disponíveis
2025-02-07 22:38:34,889 - WARNING - Connection pool is full, discarding connection: query2.finance.yahoo.com. Connection pool size: 10
2025-02-07 22:38:34,889 - WARNING - Connection pool is full, discarding connection: query2.finance.yahoo.com. Connection pool size: 10
2025-02-07 22:38:34,891 - WARNING - Connection pool is full, discarding connection: query2.finance.yahoo.com. Connection pool size: 10
2025-02-07 22:38:34,891 - WARNING - Connection pool is full, discarding connection: query2.finance.yahoo.com. Connection pool size: 10
2025-02-07 22:38:34,894 - WARNING - Connection pool is full, discarding connection: query2.finance.yahoo.com. Connection pool size: 10
2025-02-07 22:38:34,904 - WARNING - Connection pool is full, discarding connection: query2.finance.yahoo.com. Connection pool size: 10
2025-02-07 22:38:34,957 - WARNING - Connection pool is full, discarding connection: query2.finance.yahoo.com. Connection pool size: 10
2025-02-07 22:38:35,006 - WARNING - Connection pool is full, discarding connection: query2.finance.yahoo.com. Connection pool size: 10
2025-02-07 22:38:35,093 - WARNING - Connection pool is full, discarding connection: query2.finance.yahoo.com. Connection pool size: 10
2025-02-07 22:38:35,099 - WARNING - Connection pool is full, discarding connection: query2.finance.yahoo.com. Connection pool size: 10
2025-02-07 22:38:35,115 - WARNING - Connection pool is full, discarding connection: query2.finance.yahoo.com. Connection pool size: 10
2025-02-07 22:38:35,170 - WARNING - Connection pool is full, discarding connection: query2.finance.yahoo.com. Connection pool size: 10
2025-02-07 22:38:37,901 - ERROR - 
1 Failed download:
2025-02-07 22:38:37,901 - ERROR - ['PETR3.SA']: YFPricesMissingError('$%ticker%: possibly delisted; no price data found  (1d 2018-01-02 00:00:00 -> 2024-01-01 00:00:00)')
2025-02-07 22:44:59,640 - INFO - Iniciando processo de otimização
2025-02-07 22:45:17,942 - ERROR - $PETR3.SA: possibly delisted; no price data found  (period=1d)
2025-02-07 22:45:24,922 - WARNING - Connection pool is full, discarding connection: query2.finance.yahoo.com. Connection pool size: 20
2025-02-07 22:45:24,927 - WARNING - Connection pool is full, discarding connection: query2.finance.yahoo.com. Connection pool size: 20
2025-02-07 22:45:25,023 - ERROR - ERRO: Falha no download de dados: 'Close'
2025-02-07 22:51:30,984 - INFO - Iniciando processo de otimização
2025-02-07 22:51:53,078 - ERROR - $PETR3.SA: possibly delisted; no price data found  (period=1d)
2025-02-07 22:51:57,198 - WARNING - Connection pool is full, discarding connection: query2.finance.yahoo.com. Connection pool size: 20
2025-02-07 22:51:57,349 - WARNING - Connection pool is full, discarding connection: query2.finance.yahoo.com. Connection pool size: 20
2025-02-07 22:51:57,379 - ERROR - Ocorreu um erro: Falha no download de dados: 'Close'
2025-02-07 22:53:20,436 - INFO - Iniciando processo de otimização
2025-02-07 22:53:44,073 - ERROR - $PETR3.SA: possibly delisted; no price data found  (period=1d)
2025-02-07 22:53:44,074 - WARNING - Ticker PETR3.SA não possui dados históricos válidos.
2025-02-07 22:53:45,673 - WARNING - Connection pool is full, discarding connection: query2.finance.yahoo.com. Connection pool size: 20
2025-02-07 22:53:46,027 - WARNING - Connection pool is full, discarding connection: query2.finance.yahoo.com. Connection pool size: 20
2025-02-07 22:53:46,056 - ERROR - Ocorreu um erro: Falha no download de dados: 'Close'
2025-02-07 22:57:26,627 - INFO - Iniciando processo de otimização
2025-02-07 22:57:50,948 - ERROR - $PETR3.SA: possibly delisted; no price data found  (period=1d)
2025-02-07 22:57:50,949 - WARNING - Ticker PETR3.SA não possui dados históricos válidos.
2025-02-07 22:57:52,414 - WARNING - Connection pool is full, discarding connection: query2.finance.yahoo.com. Connection pool size: 20
2025-02-07 22:57:52,622 - WARNING - Connection pool is full, discarding connection: query2.finance.yahoo.com. Connection pool size: 20
2025-02-07 22:57:52,643 - ERROR - Ocorreu um erro: Falha no download de dados: 'Close'
2025-02-07 22:58:07,857 - INFO - Iniciando processo de otimização
2025-02-07 22:58:26,458 - ERROR - $PETR3.SA: possibly delisted; no price data found  (period=1d)
2025-02-07 22:58:26,458 - WARNING - Ticker PETR3.SA não possui dados históricos válidos.
2025-02-07 22:58:43,198 - ERROR - Ocorreu um erro: Falha no download de dados: 'Close'
2025-02-07 23:02:21,503 - INFO - Iniciando processo de otimização
2025-02-07 23:02:40,644 - ERROR - Ocorreu um erro: Falha no download de dados: 'Close'
2025-02-07 23:05:56,137 - INFO - Iniciando processo de otimização
2025-02-07 23:06:05,545 - WARNING - Connection pool is full, discarding connection: query2.finance.yahoo.com. Connection pool size: 20
2025-02-07 23:06:05,863 - WARNING - Connection pool is full, discarding connection: query2.finance.yahoo.com. Connection pool size: 20
2025-02-07 23:06:05,886 - ERROR - Ocorreu um erro: Falha no download de dados: 'Close'
2025-02-07 23:06:26,694 - INFO - Iniciando processo de otimização
2025-02-07 23:06:58,786 - WARNING - Retrying (Retry(total=4, connect=None, read=None, redirect=None, status=None)) after connection broken by 'ReadTimeoutError("HTTPSConnectionPool(host='query2.finance.yahoo.com', port=443): Read timed out. (read timeout=15)")': /v8/finance/chart/BBAS3.SA?period1=1514858400&period2=1704078000&interval=1d&includePrePost=False&events=div%2Csplits%2CcapitalGains&crumb=7M5ZLXkjCYh
2025-02-07 23:07:07,516 - INFO - Dados brutos baixados: Ticker      GGBR4.SA                      ...   EMBR3.SA                    
Price           Open      High       Low  ...        Low      Close   Volume
Date                                      ...                               
2018-01-02  6.610709  6.831944  6.610709  ...  20.101213  20.389368  3813300
2018-01-03  6.795070  7.032107  6.763465  ...  20.727204  21.164402  9403700
2018-01-04  6.863549  7.258612  6.863549  ...  21.363131  21.661221  6597700
2018-01-05  7.190136  7.348161  7.026843  ...  20.518541  20.518541  8980400
2018-01-08  7.074249  7.348159  6.984702  ...  20.369495  20.568222  4798500

[5 rows x 130 columns]
2025-02-07 23:07:07,530 - INFO - Dados baixados: (1487, 130)
2025-02-07 23:07:07,560 - INFO - Ativos selecionados: [('PRIO3.SA', 'High'), ('BPAC11.SA', 'High'), ('PRIO3.SA', 'Low'), ('PRIO3.SA', 'Close'), ('BPAC11.SA', 'Open')]
2025-02-07 23:07:07,652 - ERROR - Ocorreu um erro: Erro na simulação: Dot product shape mismatch, (247, 130) vs (5,)
